<?xml version="1.0" encoding="UTF-8"?>
<testng-results skipped="0" failed="0" ignored="0" total="1" passed="1">
  <reporter-output>
  </reporter-output>
  <suite name="Default suite" duration-ms="116531" started-at="2020-05-26T11:30:59 IST" finished-at="2020-05-26T11:32:55 IST">
    <groups>
    </groups>
    <test name="Default test" duration-ms="116531" started-at="2020-05-26T11:30:59 IST" finished-at="2020-05-26T11:32:55 IST">
      <class name="com.automationrunner.Automationrunner">
        <test-method status="PASS" signature="testing()[pri:0, instance:com.automationrunner.Automationrunner@436e852b]" name="testing" duration-ms="116284" started-at="2020-05-26T11:30:59 IST" finished-at="2020-05-26T11:32:55 IST">
          <reporter-output>
          </reporter-output>
        </test-method> <!-- testing -->
      </class> <!-- com.automationrunner.Automationrunner -->
    </test> <!-- Default test -->
  </suite> <!-- Default suite -->
</testng-results>
